<?xml version="1.0" encoding="UTF-8"?>
<testsuite xmlns:xsi="http://www.w3.org/2001/XMLSchema-instance" xsi:noNamespaceSchemaLocation="https://maven.apache.org/surefire/maven-surefire-plugin/xsd/surefire-test-report.xsd" name="fr.univavignon.pokedex.api.IPokedexFactoryTest" time="0.226" tests="1" errors="1" skipped="0" failures="0">
  <properties>
[...]
</properties>
  <testcase name="testGetPokemonMetadata" classname="fr.univavignon.pokedex.api.IPokedexFactoryTest" time="0.132">
    <error message="Could not initialize plugin: interface org.mockito.plugins.MockMaker (alternate: null)" type="java.lang.IllegalStateException">java.lang.IllegalStateException: Could not initialize plugin: interface org.mockito.plugins.MockMaker (alternate: null)
	at fr.univavignon.pokedex.api.IPokedexFactoryTest.setup(IPokedexFactoryTest.java:18)
Caused by: java.lang.IllegalStateException: Internal problem occurred, please report it. Mockito is unable to load the default implementation of class that is a part of Mockito distribution. Failed to load interface org.mockito.plugins.MockMaker
	at fr.univavignon.pokedex.api.IPokedexFactoryTest.setup(IPokedexFactoryTest.java:18)
Caused by: java.lang.reflect.InvocationTargetException
	at fr.univavignon.pokedex.api.IPokedexFactoryTest.setup(IPokedexFactoryTest.java:18)
Caused by: java.lang.ExceptionInInitializerError
	at fr.univavignon.pokedex.api.IPokedexFactoryTest.setup(IPokedexFactoryTest.java:18)
Caused by: java.lang.NullPointerException: Cannot invoke "org.mockito.internal.configuration.plugins.PluginRegistry.getStackTraceCleanerProvider()" because "org.mockito.internal.configuration.plugins.Plugins.registry" is null
	at fr.univavignon.pokedex.api.IPokedexFactoryTest.setup(IPokedexFactoryTest.java:18)
</error>
  </testcase>
</testsuite>